<?xml version="1.0" encoding="UTF-8"?>
<testsuite name="projectPerformanceTesting" tests="1" skipped="0" failures="0" errors="0" timestamp="2023-04-01T17:51:07" hostname="telemaque" time="1.564">
  <properties/>
  <testcase name="testProjectCreate()" classname="projectPerformanceTesting" time="1.564"/>
  <system-out><![CDATA[Starting tests in...

3
2
1
Time to create Project when 0 instances is: 239500
Time to update Project when 0 instances is: 225958
Time to delete Project when 0 instances is: 111750
Time to create Project when 1000 instances is: 12291
Time to update Project when 1000 instances is: 240166
Time to delete Project when 1000 instances is: 18416
Time to create Project when 2000 instances is: 2708
Time to update Project when 2000 instances is: 61417
Time to delete Project when 2000 instances is: 29625
Time to create Project when 3000 instances is: 3500
Time to update Project when 3000 instances is: 22667
Time to delete Project when 3000 instances is: 5333
Time to create Project when 4000 instances is: 1542
Time to update Project when 4000 instances is: 32542
Time to delete Project when 4000 instances is: 5459
Time to create Project when 5000 instances is: 1459
Time to update Project when 5000 instances is: 28042
Time to delete Project when 5000 instances is: 9875
Time to create Project when 6000 instances is: 1250
Time to update Project when 6000 instances is: 23584
Time to delete Project when 6000 instances is: 6792
Time to create Project when 7000 instances is: 1208
Time to update Project when 7000 instances is: 19250
Time to delete Project when 7000 instances is: 4667
Time to create Project when 8000 instances is: 1250
Time to update Project when 8000 instances is: 21084
Time to delete Project when 8000 instances is: 4291
Time to create Project when 9000 instances is: 1167
Time to update Project when 9000 instances is: 15208
Time to delete Project when 9000 instances is: 3333
Time to create Project when 10000 instances is: 1083
Time to update Project when 10000 instances is: 23459
Time to delete Project when 10000 instances is: 4042
Time to create Project when 11000 instances is: 1125
Time to update Project when 11000 instances is: 17458
Time to delete Project when 11000 instances is: 4000
Time to create Project when 12000 instances is: 917
Time to update Project when 12000 instances is: 26916
Time to delete Project when 12000 instances is: 4291
Time to create Project when 13000 instances is: 958
Time to update Project when 13000 instances is: 17667
Time to delete Project when 13000 instances is: 6208
Time to create Project when 14000 instances is: 1084
Time to update Project when 14000 instances is: 32125
Time to delete Project when 14000 instances is: 11667
Time to create Project when 15000 instances is: 917
Time to update Project when 15000 instances is: 19917
Time to delete Project when 15000 instances is: 5125
Time to create Project when 16000 instances is: 750
Time to update Project when 16000 instances is: 13708
Time to delete Project when 16000 instances is: 3667
Time to create Project when 17000 instances is: 792
Time to update Project when 17000 instances is: 19708
Time to delete Project when 17000 instances is: 3917
Time to create Project when 18000 instances is: 4750
Time to update Project when 18000 instances is: 16291
Time to delete Project when 18000 instances is: 3958
Time to create Project when 19000 instances is: 791
Time to update Project when 19000 instances is: 17583
Time to delete Project when 19000 instances is: 3375
Time to create Project when 20000 instances is: 750
Time to update Project when 20000 instances is: 22542
Time to delete Project when 20000 instances is: 5750
]]></system-out>
  <system-err><![CDATA[]]></system-err>
</testsuite>
