<?xml version="1.0" encoding="UTF-8"?>
<testsuite name="todoPerformanceTesting" tests="1" skipped="0" failures="0" errors="0" timestamp="2023-04-02T14:28:46" hostname="telemaque" time="26.802">
  <properties/>
  <testcase name="testTransactionTimeTodo()" classname="todoPerformanceTesting" time="26.802"/>
  <system-out><![CDATA[Starting tests in...
3
2
1
Number of todos currently in the system: 2
Time taken for add: 13.306125 ms with 2 objects in the system
Time taken for update: 2.822584 ms with 2 objects in the system
Time taken for delete: 1.605875 ms with 2 objects in the system
Number of todos currently in the system: 10002
Time taken for add: 1.357 ms with 10002 objects in the system
Time taken for update: 4.11375 ms with 10002 objects in the system
Time taken for delete: 6.975583 ms with 10002 objects in the system
Number of todos currently in the system: 20002
Time taken for add: 0.51825 ms with 20002 objects in the system
Time taken for update: 4.45625 ms with 20002 objects in the system
Time taken for delete: 9.643208 ms with 20002 objects in the system
Number of todos currently in the system: 30002
Time taken for add: 0.723709 ms with 30002 objects in the system
Time taken for update: 5.228542 ms with 30002 objects in the system
Time taken for delete: 12.519083 ms with 30002 objects in the system
Number of todos currently in the system: 40002
Time taken for add: 0.798167 ms with 40002 objects in the system
Time taken for update: 1.738083 ms with 40002 objects in the system
Time taken for delete: 4.444041 ms with 40002 objects in the system
Number of todos currently in the system: 50002
Time taken for add: 0.563875 ms with 50002 objects in the system
Time taken for update: 12.149208 ms with 50002 objects in the system
Time taken for delete: 31.249 ms with 50002 objects in the system
Number of todos currently in the system: 60002
Time taken for add: 0.489459 ms with 60002 objects in the system
Time taken for update: 2.033084 ms with 60002 objects in the system
Time taken for delete: 7.257375 ms with 60002 objects in the system
Number of todos currently in the system: 70002
Time taken for add: 0.798833 ms with 70002 objects in the system
Time taken for update: 10.009792 ms with 70002 objects in the system
Time taken for delete: 22.6375 ms with 70002 objects in the system
Number of todos currently in the system: 80002
Time taken for add: 0.511416 ms with 80002 objects in the system
Time taken for update: 10.984084 ms with 80002 objects in the system
Time taken for delete: 25.342585 ms with 80002 objects in the system
Number of todos currently in the system: 90002
Time taken for add: 0.456083 ms with 90002 objects in the system
Time taken for update: 4.881333 ms with 90002 objects in the system
Time taken for delete: 13.6925 ms with 90002 objects in the system
Number of todos currently in the system: 100002
Time taken for add: 0.505959 ms with 100002 objects in the system
Time taken for update: 6.09025 ms with 100002 objects in the system
Time taken for delete: 17.870832 ms with 100002 objects in the system
]]></system-out>
  <system-err><![CDATA[]]></system-err>
</testsuite>
