<?xml version="1.0" encoding="UTF-8"?>
<testsuite name="projectPerformanceTesting" tests="1" skipped="0" failures="0" errors="0" timestamp="2023-04-02T14:28:44" hostname="telemaque" time="1.678">
  <properties/>
  <testcase name="testProjectCreate()" classname="projectPerformanceTesting" time="1.678"/>
  <system-out><![CDATA[Starting tests in...

3
2
1
Time to create Project when 0 instances is: 43458
Time to update Project when 0 instances is: 130792
Time to delete Project when 0 instances is: 48875
Time to create Project when 1000 instances is: 959
Time to update Project when 1000 instances is: 13625
Time to delete Project when 1000 instances is: 4250
Time to create Project when 2000 instances is: 1000
Time to update Project when 2000 instances is: 14708
Time to delete Project when 2000 instances is: 4250
Time to create Project when 3000 instances is: 1042
Time to update Project when 3000 instances is: 17541
Time to delete Project when 3000 instances is: 4708
Time to create Project when 4000 instances is: 1000
Time to update Project when 4000 instances is: 12958
Time to delete Project when 4000 instances is: 8792
Time to create Project when 5000 instances is: 959
Time to update Project when 5000 instances is: 12791
Time to delete Project when 5000 instances is: 3833
Time to create Project when 6000 instances is: 958
Time to update Project when 6000 instances is: 10792
Time to delete Project when 6000 instances is: 3292
Time to create Project when 7000 instances is: 875
Time to update Project when 7000 instances is: 12167
Time to delete Project when 7000 instances is: 3792
Time to create Project when 8000 instances is: 1000
Time to update Project when 8000 instances is: 14041
Time to delete Project when 8000 instances is: 3417
Time to create Project when 9000 instances is: 1041
Time to update Project when 9000 instances is: 12833
Time to delete Project when 9000 instances is: 3834
Time to create Project when 10000 instances is: 1000
Time to update Project when 10000 instances is: 24875
Time to delete Project when 10000 instances is: 6292
Time to create Project when 11000 instances is: 917
Time to update Project when 11000 instances is: 13292
Time to delete Project when 11000 instances is: 4000
Time to create Project when 12000 instances is: 1083
Time to update Project when 12000 instances is: 12625
Time to delete Project when 12000 instances is: 3709
Time to create Project when 13000 instances is: 958
Time to update Project when 13000 instances is: 10375
Time to delete Project when 13000 instances is: 3500
Time to create Project when 14000 instances is: 1000
Time to update Project when 14000 instances is: 11750
Time to delete Project when 14000 instances is: 3792
Time to create Project when 15000 instances is: 958
Time to update Project when 15000 instances is: 11833
Time to delete Project when 15000 instances is: 4208
Time to create Project when 16000 instances is: 958
Time to update Project when 16000 instances is: 10625
Time to delete Project when 16000 instances is: 3167
Time to create Project when 17000 instances is: 917
Time to update Project when 17000 instances is: 12167
Time to delete Project when 17000 instances is: 3667
Time to create Project when 18000 instances is: 1125
Time to update Project when 18000 instances is: 11208
Time to delete Project when 18000 instances is: 3500
Time to create Project when 19000 instances is: 1042
Time to update Project when 19000 instances is: 11958
Time to delete Project when 19000 instances is: 3625
Time to create Project when 20000 instances is: 1000
Time to update Project when 20000 instances is: 11625
Time to delete Project when 20000 instances is: 3459
]]></system-out>
  <system-err><![CDATA[]]></system-err>
</testsuite>
