<?xml version="1.0" encoding="UTF-8"?>
<testsuite name="categoryPerformanceTesting" tests="1" skipped="0" failures="0" errors="0" timestamp="2023-04-02T14:28:15" hostname="telemaque" time="29.406">
  <properties/>
  <testcase name="testAddCategory()" classname="categoryPerformanceTesting" time="29.406"/>
  <system-out><![CDATA[Starting tests in...
3
2
1
Number of categories in the system: 2
Time taken for add: 16.6575 ms with  ms with 2 objects in the system
Time taken for update: 3.630542 ms with  ms with 2 objects in the system
Time taken for delete: 2.278958 ms with  ms with 2 objects in the system
Number of categories in the system: 10002
Time taken for add: 1.4825 ms with  ms with 10002 objects in the system
Time taken for update: 2.293667 ms with  ms with 10002 objects in the system
Time taken for delete: 3.5825 ms with  ms with 10002 objects in the system
Number of categories in the system: 20002
Time taken for add: 1.143417 ms with  ms with 20002 objects in the system
Time taken for update: 2.149792 ms with  ms with 20002 objects in the system
Time taken for delete: 4.587 ms with  ms with 20002 objects in the system
Number of categories in the system: 30002
Time taken for add: 0.630542 ms with  ms with 30002 objects in the system
Time taken for update: 9.721333 ms with  ms with 30002 objects in the system
Time taken for delete: 22.393583 ms with  ms with 30002 objects in the system
Number of categories in the system: 40002
Time taken for add: 0.82275 ms with  ms with 40002 objects in the system
Time taken for update: 2.326958 ms with  ms with 40002 objects in the system
Time taken for delete: 6.4305 ms with  ms with 40002 objects in the system
Number of categories in the system: 50002
Time taken for add: 0.576708 ms with  ms with 50002 objects in the system
Time taken for update: 12.171667 ms with  ms with 50002 objects in the system
Time taken for delete: 33.619667 ms with  ms with 50002 objects in the system
Number of categories in the system: 60002
Time taken for add: 0.466584 ms with  ms with 60002 objects in the system
Time taken for update: 9.141041 ms with  ms with 60002 objects in the system
Time taken for delete: 20.795876 ms with  ms with 60002 objects in the system
Number of categories in the system: 70002
Time taken for add: 0.424625 ms with  ms with 70002 objects in the system
Time taken for update: 1.213625 ms with  ms with 70002 objects in the system
Time taken for delete: 5.856167 ms with  ms with 70002 objects in the system
Number of categories in the system: 80002
Time taken for add: 0.507333 ms with  ms with 80002 objects in the system
Time taken for update: 3.833125 ms with  ms with 80002 objects in the system
Time taken for delete: 10.540458 ms with  ms with 80002 objects in the system
Number of categories in the system: 90002
Time taken for add: 0.417083 ms with  ms with 90002 objects in the system
Time taken for update: 10.216917 ms with  ms with 90002 objects in the system
Time taken for delete: 24.287624 ms with  ms with 90002 objects in the system
Number of categories in the system: 100002
Time taken for add: 0.476791 ms with  ms with 100002 objects in the system
Time taken for update: 14.430625 ms with  ms with 100002 objects in the system
Time taken for delete: 32.466335 ms with  ms with 100002 objects in the system
]]></system-out>
  <system-err><![CDATA[]]></system-err>
</testsuite>
