<?xml version="1.0" encoding="UTF-8"?>
<testsuite name="todoPerformanceTesting" tests="1" skipped="0" failures="0" errors="0" timestamp="2023-03-26T16:17:00" hostname="telemaque.local" time="1.703">
  <properties/>
  <testcase name="testTodoAddPerformance()" classname="todoPerformanceTesting" time="1.703"/>
  <system-out><![CDATA[Starting tests in...

3
2
1
Time taken for add: 4.711916 ms with 0 objects in the system
Time taken for update: 0.509167 ms with 0 objects in the system
Time taken for delete: 0.053084 ms with 0 objects in the system
Time taken for add: 0.005625 ms with 1000 objects in the system
Time taken for update: 0.133375 ms with 1000 objects in the system
Time taken for delete: 0.031875 ms with 1000 objects in the system
Time taken for add: 0.003458 ms with 2000 objects in the system
Time taken for update: 0.037709 ms with 2000 objects in the system
Time taken for delete: 0.005125 ms with 2000 objects in the system
Time taken for add: 0.003 ms with 3000 objects in the system
Time taken for update: 0.019833 ms with 3000 objects in the system
Time taken for delete: 0.004375 ms with 3000 objects in the system
Time taken for add: 0.003042 ms with 4000 objects in the system
Time taken for update: 0.023375 ms with 4000 objects in the system
Time taken for delete: 0.008625 ms with 4000 objects in the system
Time taken for add: 0.003208 ms with 5000 objects in the system
Time taken for update: 0.02625 ms with 5000 objects in the system
Time taken for delete: 0.011917 ms with 5000 objects in the system
Time taken for add: 0.004417 ms with 6000 objects in the system
Time taken for update: 0.021375 ms with 6000 objects in the system
Time taken for delete: 0.005209 ms with 6000 objects in the system
Time taken for add: 0.0025 ms with 7000 objects in the system
Time taken for update: 0.051833 ms with 7000 objects in the system
Time taken for delete: 0.023 ms with 7000 objects in the system
Time taken for add: 0.001375 ms with 8000 objects in the system
Time taken for update: 0.02025 ms with 8000 objects in the system
Time taken for delete: 0.003375 ms with 8000 objects in the system
Time taken for add: 0.001167 ms with 9000 objects in the system
Time taken for update: 0.045458 ms with 9000 objects in the system
Time taken for delete: 0.06775 ms with 9000 objects in the system
Time taken for add: 0.001166 ms with 10000 objects in the system
Time taken for update: 0.025459 ms with 10000 objects in the system
Time taken for delete: 0.030792 ms with 10000 objects in the system
]]></system-out>
  <system-err><![CDATA[]]></system-err>
</testsuite>
